

Microchip MPLAB XC8 Assembler V2.32 build 20210201212658 
                                                                                               Wed Oct 27 12:00:04 2021

Microchip MPLAB XC8 C Compiler v2.32 (Free license) build 20210201212658 Og1 
     1                           	processor	18F4431
     2                           	fnconf	rparam,??,?,0
     3                           	pagewidth 120
     4                           	opt	flic
     5                           	psect	idataCOMRAM,global,class=CODE,delta=1,noexec
     6                           	psect	smallconst,global,reloc=2,class=SMALLCONST,delta=1,noexec
     7                           	psect	cinit,global,reloc=2,class=CODE,delta=1
     8                           	psect	bssCOMRAM,global,class=COMRAM,space=1,delta=1,lowdata,noexec
     9                           	psect	dataCOMRAM,global,class=COMRAM,space=1,delta=1,lowdata,noexec
    10                           	psect	cstackCOMRAM,global,class=COMRAM,space=1,delta=1,lowdata,noexec
    11                           	psect	text0,global,reloc=2,class=CODE,delta=1
    12                           	psect	text1,global,reloc=2,class=CODE,delta=1
    13                           	psect	text2,global,reloc=2,class=CODE,delta=1
    14                           	psect	text3,global,reloc=2,class=CODE,delta=1
    15                           	psect	text4,global,reloc=2,class=CODE,delta=1
    16                           	psect	intcode,global,reloc=2,class=CODE,delta=1
    17                           	psect	text6,global,reloc=2,class=CODE,delta=1
    18                           	psect	text7,global,reloc=2,class=CODE,delta=1,group=2
    19                           	psect	text8,global,reloc=2,class=CODE,delta=1,group=2
    20                           	psect	text9,global,reloc=2,class=CODE,delta=1,group=1
    21                           	psect	text10,global,reloc=2,class=CODE,delta=1,group=1
    22                           	psect	intsave_regs,global,class=BIGRAM,space=1,delta=1,noexec
    23                           	psect	rparam,global,class=COMRAM,space=1,delta=1,noexec
    24                           	psect	temp,global,ovrld,common,class=COMRAM,space=1,delta=1
    25                           	psect	idloc,global,abs,ovrld,class=IDLOC,space=5,delta=1,noexec
    26                           	psect	config,global,abs,ovrld,class=CONFIG,space=4,delta=1,noexec
    27  0000                     
    28                           ; Version 2.20
    29                           ; Generated 12/02/2020 GMT
    30                           ; 
    31                           ; Copyright © 2020, Microchip Technology Inc. and its subsidiaries ("Microchip")
    32                           ; All rights reserved.
    33                           ; 
    34                           ; This software is developed by Microchip Technology Inc. and its subsidiaries ("Microch
      +                          ip").
    35                           ; 
    36                           ; Redistribution and use in source and binary forms, with or without modification, are
    37                           ; permitted provided that the following conditions are met:
    38                           ; 
    39                           ;     1. Redistributions of source code must retain the above copyright notice, this lis
      +                          t of
    40                           ;        conditions and the following disclaimer.
    41                           ; 
    42                           ;     2. Redistributions in binary form must reproduce the above copyright notice, this 
      +                          list
    43                           ;        of conditions and the following disclaimer in the documentation and/or other
    44                           ;        materials provided with the distribution.
    45                           ; 
    46                           ;     3. Microchip's name may not be used to endorse or promote products derived from th
      +                          is
    47                           ;        software without specific prior written permission.
    48                           ; 
    49                           ; THIS SOFTWARE IS PROVIDED BY MICROCHIP "AS IS" AND ANY EXPRESS OR IMPLIED WARRANTIES,
    50                           ; INCLUDING, BUT NOT LIMITED TO, THE IMPLIED WARRANTIES OF MERCHANTABILITY AND FITNESS F
      +                          OR
    51                           ; PURPOSE ARE DISCLAIMED.  IN NO EVENT SHALL MICROCHIP BE LIABLE FOR ANY DIRECT, INDIREC
      +                          T,
    52                           ; INCIDENTAL, SPECIAL, EXEMPLARY, OR CONSEQUENTIAL DAMAGES (INCLUDING BUT NOT LIMITED TO
    53                           ; PROCUREMENT OF SUBSTITUTE GOODS OR SERVICES; LOSS OF USE, DATA OR PROFITS; OR BUSINESS
    54                           ; INTERRUPTION) HOWSOEVER CAUSED AND ON ANY THEORY OF LIABILITY, WHETHER IN CONTRACT, ST
      +                          RICT
    55                           ; LIABILITY, OR TORT (INCLUDING NEGLIGENCE OR OTHERWISE) ARISING IN ANY WAY OUT OF THE U
      +                          SE OF
    56                           ; THIS SOFTWARE, EVEN IF ADVISED OF THE POSSIBILITY OF SUCH DAMAGE.
    57                           ; 
    58                           ; 
    59                           ; Code-generator required, PIC18F4431 Definitions
    60                           ; 
    61                           ; SFR Addresses
    62  0000                     
    63                           	psect	idataCOMRAM
    64  0005B2                     __pidataCOMRAM:
    65                           	callstack 0
    66                           
    67                           ;initializer for _number
    68  0005B2  0064               	dw	100
    69                           
    70                           ;initializer for _w
    71  0005B4  01                 	db	low STR_1
    72  0000                     _TMR5	set	3975
    73  0000                     _TMR0	set	4054
    74  0000                     _TXREG	set	4013
    75  0000                     _RCREG	set	4014
    76  0000                     _SPBRG	set	4015
    77  0000                     _PIE1bits	set	3997
    78  0000                     _RCSTAbits	set	4011
    79  0000                     _TXSTAbits	set	4012
    80  0000                     _TRISCbits	set	3988
    81  0000                     _ADCON1	set	4033
    82  0000                     _ADCON0	set	4034
    83  0000                     _SSPSTAT	set	4039
    84  0000                     _TRISDbits	set	3989
    85  0000                     _T5CONbits	set	4023
    86  0000                     _T0CONbits	set	4053
    87  0000                     _QEICONbits	set	4022
    88  0000                     _DFLTCONbits	set	3936
    89  0000                     _TRISBbits	set	3987
    90  0000                     _PORTBbits	set	3969
    91  0000                     _INTCONbits	set	4082
    92  0000                     _SSPSTATbits	set	4039
    93  0000                     _SSPCON1	set	4038
    94  0000                     _SSPCON1bits	set	4038
    95  0000                     _PIR1bits	set	3998
    96  0000                     _SSPBUF	set	4041
    97  0000                     _TRMT	set	32097
    98  0000                     _RCIF	set	31989
    99  0000                     _CS	set	31778
   100                           
   101                           	psect	smallconst
   102  000300                     __psmallconst:
   103                           	callstack 0
   104  000300  00                 	db	0
   105  000301                     STR_1:
   106  000301  75                 	db	117	;'u'
   107  000302  00                 	db	0
   108  000303  00                 	db	0	; dummy byte at the end
   109  0000                     
   110                           ; #config settings
   111                           
   112                           	psect	cinit
   113  0004E2                     __pcinit:
   114                           	callstack 0
   115  0004E2                     start_initialization:
   116                           	callstack 0
   117  0004E2                     __initialization:
   118                           	callstack 0
   119                           
   120                           ; Initialize objects allocated to COMRAM (3 bytes)
   121                           ; load TBLPTR registers with __pidataCOMRAM
   122  0004E2  0EB2               	movlw	low __pidataCOMRAM
   123  0004E4  6EF6               	movwf	tblptrl,c
   124  0004E6  0E05               	movlw	high __pidataCOMRAM
   125  0004E8  6EF7               	movwf	tblptrh,c
   126  0004EA  0E00               	movlw	low (__pidataCOMRAM shr (0+16))
   127  0004EC  6EF8               	movwf	tblptru,c
   128  0004EE  0009               	tblrd		*+	;fetch initializer
   129  0004F0  CFF5 F038          	movff	tablat,__pdataCOMRAM
   130  0004F4  0009               	tblrd		*+	;fetch initializer
   131  0004F6  CFF5 F039          	movff	tablat,__pdataCOMRAM+1
   132  0004FA  0009               	tblrd		*+	;fetch initializer
   133  0004FC  CFF5 F03A          	movff	tablat,__pdataCOMRAM+2
   134                           
   135                           ; Clear objects allocated to COMRAM (27 bytes)
   136  000500  EE00  F01D         	lfsr	0,__pbssCOMRAM
   137  000504  0E1B               	movlw	27
   138  000506                     clear_0:
   139  000506  6AEE               	clrf	postinc0,c
   140  000508  06E8               	decf	wreg,f,c
   141  00050A  E1FD               	bnz	clear_0
   142  00050C                     end_of_initialization:
   143                           	callstack 0
   144  00050C                     __end_of__initialization:
   145                           	callstack 0
   146  00050C  903B               	bcf	int$flags,0,c	;clear compiler interrupt flag (level 1)
   147  00050E  923B               	bcf	int$flags,1,c	;clear compiler interrupt flag (level 2)
   148  000510  0E00               	movlw	low (__Lsmallconst shr (0+16))
   149  000512  6EF8               	movwf	tblptru,c
   150  000514  0E03               	movlw	high __Lsmallconst
   151  000516  6EF7               	movwf	tblptrh,c
   152  000518  0100               	movlb	0
   153  00051A  EF8F  F002         	goto	_main	;jump to C main() function
   154                           
   155                           	psect	bssCOMRAM
   156  00001D                     __pbssCOMRAM:
   157                           	callstack 0
   158  00001D                     _str:
   159                           	callstack 0
   160  00001D                     	ds	2
   161  00001F                     _count2:
   162                           	callstack 0
   163  00001F                     	ds	2
   164  000021                     _count:
   165                           	callstack 0
   166  000021                     	ds	2
   167  000023                     _digit:
   168                           	callstack 0
   169  000023                     	ds	1
   170  000024                     _stringBuffer:
   171                           	callstack 0
   172  000024                     	ds	20
   173                           
   174                           	psect	dataCOMRAM
   175  000038                     __pdataCOMRAM:
   176                           	callstack 0
   177  000038                     _number:
   178                           	callstack 0
   179  000038                     	ds	2
   180  00003A                     _w:
   181                           	callstack 0
   182  00003A                     	ds	1
   183                           
   184                           	psect	cstackCOMRAM
   185  000001                     __pcstackCOMRAM:
   186                           	callstack 0
   187  000001                     ?___lwdiv:
   188                           	callstack 0
   189  000001                     ?___lwmod:
   190                           	callstack 0
   191  000001                     tx_char@a:
   192                           	callstack 0
   193  000001                     ___lwdiv@dividend:
   194                           	callstack 0
   195  000001                     ___lwmod@dividend:
   196                           	callstack 0
   197                           
   198                           ; 2 bytes @ 0x0
   199  000001                     	ds	2
   200  000003                     ___lwdiv@divisor:
   201                           	callstack 0
   202  000003                     ___lwmod@divisor:
   203                           	callstack 0
   204                           
   205                           ; 2 bytes @ 0x2
   206  000003                     	ds	2
   207  000005                     ___lwmod@counter:
   208                           	callstack 0
   209  000005                     ___lwdiv@quotient:
   210                           	callstack 0
   211                           
   212                           ; 2 bytes @ 0x4
   213  000005                     	ds	2
   214  000007                     ___lwdiv@counter:
   215                           	callstack 0
   216                           
   217                           ; 1 bytes @ 0x6
   218  000007                     	ds	1
   219  000008                     utoa@buf:
   220                           	callstack 0
   221                           
   222                           ; 2 bytes @ 0x7
   223  000008                     	ds	2
   224  00000A                     utoa@val:
   225                           	callstack 0
   226                           
   227                           ; 2 bytes @ 0x9
   228  00000A                     	ds	2
   229  00000C                     utoa@base:
   230                           	callstack 0
   231                           
   232                           ; 2 bytes @ 0xB
   233  00000C                     	ds	2
   234  00000E                     utoa@v:
   235                           	callstack 0
   236                           
   237                           ; 2 bytes @ 0xD
   238  00000E                     	ds	2
   239  000010                     utoa@c:
   240                           	callstack 0
   241                           
   242                           ; 1 bytes @ 0xF
   243  000010                     	ds	1
   244  000011                     itoa@buf:
   245                           	callstack 0
   246                           
   247                           ; 2 bytes @ 0x10
   248  000011                     	ds	2
   249  000013                     itoa@val:
   250                           	callstack 0
   251                           
   252                           ; 2 bytes @ 0x12
   253  000013                     	ds	2
   254  000015                     itoa@base:
   255                           	callstack 0
   256                           
   257                           ; 2 bytes @ 0x14
   258  000015                     	ds	2
   259  000017                     ??_ISR:
   260                           
   261                           ; 1 bytes @ 0x16
   262  000017                     	ds	4
   263  00001B                     ISR@i:
   264                           	callstack 0
   265                           
   266                           ; 2 bytes @ 0x1A
   267  00001B                     	ds	2
   268  00001D                     
   269                           ; 1 bytes @ 0x1C
   270 ;;
   271 ;;Main: autosize = 0, tempsize = 0, incstack = 0, save=0
   272 ;;
   273 ;; *************** function _main *****************
   274 ;; Defined at:
   275 ;;		line 159 in file "motorMain.c"
   276 ;; Parameters:    Size  Location     Type
   277 ;;		None
   278 ;; Auto vars:     Size  Location     Type
   279 ;;  RPM_CONSTANT    4    0        unsigned long 
   280 ;; Return value:  Size  Location     Type
   281 ;;                  1    wreg      void 
   282 ;; Registers used:
   283 ;;		wreg, status,2, cstack
   284 ;; Tracked objects:
   285 ;;		On entry : 0/0
   286 ;;		On exit  : 0/0
   287 ;;		Unchanged: 0/0
   288 ;; Data sizes:     COMRAM   BANK0   BANK1   BANK2
   289 ;;      Params:         0       0       0       0
   290 ;;      Locals:         0       0       0       0
   291 ;;      Temps:          0       0       0       0
   292 ;;      Totals:         0       0       0       0
   293 ;;Total ram usage:        0 bytes
   294 ;; Hardware stack levels required when called: 5
   295 ;; This function calls:
   296 ;;		_setupQEI
   297 ;;		_setupTimer0
   298 ;;		_setupTimer5
   299 ;;		_setupUART
   300 ;; This function is called by:
   301 ;;		Startup code after reset
   302 ;; This function uses a non-reentrant model
   303 ;;
   304                           
   305                           	psect	text0
   306  00051E                     __ptext0:
   307                           	callstack 0
   308  00051E                     _main:
   309                           	callstack 26
   310  00051E                     
   311                           ;motorMain.c: 161: INTCONbits.GIE = 1; INTCONbits.PEIE = 1;
   312  00051E  8EF2               	bsf	242,7,c	;volatile
   313  000520  8CF2               	bsf	242,6,c	;volatile
   314  000522                     
   315                           ;motorMain.c: 162: TRISBbits.RB6 = 0;
   316  000522  9C93               	bcf	147,6,c	;volatile
   317  000524                     
   318                           ;motorMain.c: 163: PORTBbits.RB6 = 1;
   319  000524  8C81               	bsf	129,6,c	;volatile
   320  000526                     
   321                           ;motorMain.c: 164: setupUART();
   322  000526  ECAC  F002         	call	_setupUART	;wreg free
   323  00052A                     
   324                           ;motorMain.c: 165: setupQEI();
   325  00052A  ECB8  F002         	call	_setupQEI	;wreg free
   326  00052E                     
   327                           ;motorMain.c: 166: setupTimer5();
   328  00052E  ECCF  F002         	call	_setupTimer5	;wreg free
   329  000532                     
   330                           ;motorMain.c: 167: setupTimer0();
   331  000532  EC9F  F002         	call	_setupTimer0	;wreg free
   332  000536                     l116:
   333  000536  EF9B  F002         	goto	l116
   334  00053A  EF69  F000         	goto	start
   335  00053E                     __end_of_main:
   336                           	callstack 0
   337                           
   338 ;; *************** function _setupUART *****************
   339 ;; Defined at:
   340 ;;		line 272 in file "motorMain.c"
   341 ;; Parameters:    Size  Location     Type
   342 ;;		None
   343 ;; Auto vars:     Size  Location     Type
   344 ;;		None
   345 ;; Return value:  Size  Location     Type
   346 ;;                  1    wreg      void 
   347 ;; Registers used:
   348 ;;		wreg, status,2
   349 ;; Tracked objects:
   350 ;;		On entry : 0/0
   351 ;;		On exit  : 0/0
   352 ;;		Unchanged: 0/0
   353 ;; Data sizes:     COMRAM   BANK0   BANK1   BANK2
   354 ;;      Params:         0       0       0       0
   355 ;;      Locals:         0       0       0       0
   356 ;;      Temps:          0       0       0       0
   357 ;;      Totals:         0       0       0       0
   358 ;;Total ram usage:        0 bytes
   359 ;; Hardware stack levels used: 1
   360 ;; Hardware stack levels required when called: 4
   361 ;; This function calls:
   362 ;;		Nothing
   363 ;; This function is called by:
   364 ;;		_main
   365 ;; This function uses a non-reentrant model
   366 ;;
   367                           
   368                           	psect	text1
   369  000558                     __ptext1:
   370                           	callstack 0
   371  000558                     _setupUART:
   372                           	callstack 26
   373  000558                     
   374                           ;motorMain.c: 273: TRISCbits.RC6 = 0;
   375  000558  9C94               	bcf	148,6,c	;volatile
   376                           
   377                           ;motorMain.c: 274: TRISCbits.RC7 = 1;
   378  00055A  8E94               	bsf	148,7,c	;volatile
   379                           
   380                           ;motorMain.c: 275: TXSTAbits.BRGH = 0;
   381  00055C  94AC               	bcf	172,2,c	;volatile
   382                           
   383                           ;motorMain.c: 276: TXSTAbits.SYNC = 0;
   384  00055E  98AC               	bcf	172,4,c	;volatile
   385                           
   386                           ;motorMain.c: 277: TXSTAbits.TXEN = 1;
   387  000560  8AAC               	bsf	172,5,c	;volatile
   388                           
   389                           ;motorMain.c: 278: RCSTAbits.SPEN = 1;
   390  000562  8EAB               	bsf	171,7,c	;volatile
   391                           
   392                           ;motorMain.c: 279: RCSTAbits.CREN = 1;
   393  000564  88AB               	bsf	171,4,c	;volatile
   394                           
   395                           ;motorMain.c: 280: PIE1bits.RCIE = 1;
   396  000566  8A9D               	bsf	157,5,c	;volatile
   397                           
   398                           ;motorMain.c: 281: PIE1bits.TXIE = 0;
   399  000568  989D               	bcf	157,4,c	;volatile
   400  00056A                     
   401                           ;motorMain.c: 282: SPBRG = 31;
   402  00056A  0E1F               	movlw	31
   403  00056C  6EAF               	movwf	175,c	;volatile
   404  00056E  0012               	return		;funcret
   405  000570                     __end_of_setupUART:
   406                           	callstack 0
   407                           
   408 ;; *************** function _setupTimer5 *****************
   409 ;; Defined at:
   410 ;;		line 206 in file "motorMain.c"
   411 ;; Parameters:    Size  Location     Type
   412 ;;		None
   413 ;; Auto vars:     Size  Location     Type
   414 ;;		None
   415 ;; Return value:  Size  Location     Type
   416 ;;                  1    wreg      void 
   417 ;; Registers used:
   418 ;;		wreg, status,2
   419 ;; Tracked objects:
   420 ;;		On entry : 0/0
   421 ;;		On exit  : 0/0
   422 ;;		Unchanged: 0/0
   423 ;; Data sizes:     COMRAM   BANK0   BANK1   BANK2
   424 ;;      Params:         0       0       0       0
   425 ;;      Locals:         0       0       0       0
   426 ;;      Temps:          0       0       0       0
   427 ;;      Totals:         0       0       0       0
   428 ;;Total ram usage:        0 bytes
   429 ;; Hardware stack levels used: 1
   430 ;; Hardware stack levels required when called: 4
   431 ;; This function calls:
   432 ;;		Nothing
   433 ;; This function is called by:
   434 ;;		_main
   435 ;; This function uses a non-reentrant model
   436 ;;
   437                           
   438                           	psect	text2
   439  00059E                     __ptext2:
   440                           	callstack 0
   441  00059E                     _setupTimer5:
   442                           	callstack 26
   443  00059E                     
   444                           ;motorMain.c: 207: T5CONbits.TMR5CS = 0;
   445  00059E  92B7               	bcf	183,1,c	;volatile
   446                           
   447                           ;motorMain.c: 208: T5CONbits.T5PS0 = 0;
   448  0005A0  96B7               	bcf	183,3,c	;volatile
   449                           
   450                           ;motorMain.c: 209: T5CONbits.T5PS1 = 0;
   451  0005A2  98B7               	bcf	183,4,c	;volatile
   452                           
   453                           ;motorMain.c: 210: T5CONbits.T5MOD = 0;
   454  0005A4  9AB7               	bcf	183,5,c	;volatile
   455  0005A6                     
   456                           ;motorMain.c: 211: TMR5 = 0;
   457  0005A6  0E00               	movlw	0
   458  0005A8  6E88               	movwf	136,c	;volatile
   459  0005AA  0E00               	movlw	0
   460  0005AC  6E87               	movwf	135,c	;volatile
   461  0005AE                     
   462                           ;motorMain.c: 212: T5CONbits.TMR5ON = 1;
   463  0005AE  80B7               	bsf	183,0,c	;volatile
   464  0005B0  0012               	return		;funcret
   465  0005B2                     __end_of_setupTimer5:
   466                           	callstack 0
   467                           
   468 ;; *************** function _setupTimer0 *****************
   469 ;; Defined at:
   470 ;;		line 192 in file "motorMain.c"
   471 ;; Parameters:    Size  Location     Type
   472 ;;		None
   473 ;; Auto vars:     Size  Location     Type
   474 ;;		None
   475 ;; Return value:  Size  Location     Type
   476 ;;                  1    wreg      void 
   477 ;; Registers used:
   478 ;;		wreg, status,2
   479 ;; Tracked objects:
   480 ;;		On entry : 0/0
   481 ;;		On exit  : 0/0
   482 ;;		Unchanged: 0/0
   483 ;; Data sizes:     COMRAM   BANK0   BANK1   BANK2
   484 ;;      Params:         0       0       0       0
   485 ;;      Locals:         0       0       0       0
   486 ;;      Temps:          0       0       0       0
   487 ;;      Totals:         0       0       0       0
   488 ;;Total ram usage:        0 bytes
   489 ;; Hardware stack levels used: 1
   490 ;; Hardware stack levels required when called: 4
   491 ;; This function calls:
   492 ;;		Nothing
   493 ;; This function is called by:
   494 ;;		_main
   495 ;; This function uses a non-reentrant model
   496 ;;
   497                           
   498                           	psect	text3
   499  00053E                     __ptext3:
   500                           	callstack 0
   501  00053E                     _setupTimer0:
   502                           	callstack 26
   503  00053E                     
   504                           ;motorMain.c: 193: INTCONbits.TMR0IE = 1;
   505  00053E  8AF2               	bsf	242,5,c	;volatile
   506                           
   507                           ;motorMain.c: 194: T0CONbits.T016BIT = 1;
   508  000540  8CD5               	bsf	213,6,c	;volatile
   509                           
   510                           ;motorMain.c: 195: T0CONbits.T0CS = 0;
   511  000542  9AD5               	bcf	213,5,c	;volatile
   512                           
   513                           ;motorMain.c: 198: T0CONbits.PSA = 0;
   514  000544  96D5               	bcf	213,3,c	;volatile
   515                           
   516                           ;motorMain.c: 199: T0CONbits.T0PS2 = 1;
   517  000546  84D5               	bsf	213,2,c	;volatile
   518                           
   519                           ;motorMain.c: 200: T0CONbits.T0PS1 = 0;
   520  000548  92D5               	bcf	213,1,c	;volatile
   521                           
   522                           ;motorMain.c: 201: T0CONbits.T0PS0 = 1;
   523  00054A  80D5               	bsf	213,0,c	;volatile
   524  00054C                     
   525                           ;motorMain.c: 202: TMR0 = 0;
   526  00054C  0E00               	movlw	0
   527  00054E  6ED7               	movwf	215,c	;volatile
   528  000550  0E00               	movlw	0
   529  000552  6ED6               	movwf	214,c	;volatile
   530  000554                     
   531                           ;motorMain.c: 203: T0CONbits.TMR0ON = 1;
   532  000554  8ED5               	bsf	213,7,c	;volatile
   533  000556  0012               	return		;funcret
   534  000558                     __end_of_setupTimer0:
   535                           	callstack 0
   536                           
   537 ;; *************** function _setupQEI *****************
   538 ;; Defined at:
   539 ;;		line 175 in file "motorMain.c"
   540 ;; Parameters:    Size  Location     Type
   541 ;;		None
   542 ;; Auto vars:     Size  Location     Type
   543 ;;		None
   544 ;; Return value:  Size  Location     Type
   545 ;;                  1    wreg      void 
   546 ;; Registers used:
   547 ;;		wreg, status,2
   548 ;; Tracked objects:
   549 ;;		On entry : 0/0
   550 ;;		On exit  : 0/0
   551 ;;		Unchanged: 0/0
   552 ;; Data sizes:     COMRAM   BANK0   BANK1   BANK2
   553 ;;      Params:         0       0       0       0
   554 ;;      Locals:         0       0       0       0
   555 ;;      Temps:          0       0       0       0
   556 ;;      Totals:         0       0       0       0
   557 ;;Total ram usage:        0 bytes
   558 ;; Hardware stack levels used: 1
   559 ;; Hardware stack levels required when called: 4
   560 ;; This function calls:
   561 ;;		Nothing
   562 ;; This function is called by:
   563 ;;		_main
   564 ;; This function uses a non-reentrant model
   565 ;;
   566                           
   567                           	psect	text4
   568  000570                     __ptext4:
   569                           	callstack 0
   570  000570                     _setupQEI:
   571                           	callstack 26
   572  000570                     
   573                           ;motorMain.c: 176: DFLTCONbits.FLT3EN = 1;
   574  000570  8A60               	bsf	96,5,c	;volatile
   575                           
   576                           ;motorMain.c: 177: DFLTCONbits.FLT2EN = 1;
   577  000572  8860               	bsf	96,4,c	;volatile
   578  000574                     
   579                           ;motorMain.c: 178: DFLTCONbits.FLTCK = 0;
   580  000574  0EF8               	movlw	-8
   581  000576  1660               	andwf	96,f,c	;volatile
   582  000578                     
   583                           ;motorMain.c: 180: QEICONbits.nVELM = 0;
   584  000578  9EB6               	bcf	182,7,c	;volatile
   585  00057A                     
   586                           ;motorMain.c: 181: QEICONbits.QERR = 0;
   587  00057A  9CB6               	bcf	182,6,c	;volatile
   588  00057C                     
   589                           ;motorMain.c: 183: QEICONbits.QEIM0 = 0;
   590  00057C  94B6               	bcf	182,2,c	;volatile
   591  00057E                     
   592                           ;motorMain.c: 184: QEICONbits.QEIM1 = 1;
   593  00057E  86B6               	bsf	182,3,c	;volatile
   594  000580                     
   595                           ;motorMain.c: 185: QEICONbits.QEIM2 = 1;
   596  000580  88B6               	bsf	182,4,c	;volatile
   597  000582                     
   598                           ;motorMain.c: 187: QEICONbits.PDEC0 = 1;
   599  000582  80B6               	bsf	182,0,c	;volatile
   600  000584                     
   601                           ;motorMain.c: 188: QEICONbits.PDEC1 = 0;
   602  000584  92B6               	bcf	182,1,c	;volatile
   603  000586  0012               	return		;funcret
   604  000588                     __end_of_setupQEI:
   605                           	callstack 0
   606                           
   607 ;; *************** function _ISR *****************
   608 ;; Defined at:
   609 ;;		line 143 in file "motorMain.c"
   610 ;; Parameters:    Size  Location     Type
   611 ;;		None
   612 ;; Auto vars:     Size  Location     Type
   613 ;;  i               2   26[COMRAM] int 
   614 ;; Return value:  Size  Location     Type
   615 ;;                  1    wreg      void 
   616 ;; Registers used:
   617 ;;		wreg, fsr2l, fsr2h, status,2, status,0, cstack
   618 ;; Tracked objects:
   619 ;;		On entry : 0/0
   620 ;;		On exit  : 0/0
   621 ;;		Unchanged: 0/0
   622 ;; Data sizes:     COMRAM   BANK0   BANK1   BANK2
   623 ;;      Params:         0       0       0       0
   624 ;;      Locals:         2       0       0       0
   625 ;;      Temps:          4       0       0       0
   626 ;;      Totals:         6       0       0       0
   627 ;;Total ram usage:        6 bytes
   628 ;; Hardware stack levels used: 1
   629 ;; Hardware stack levels required when called: 3
   630 ;; This function calls:
   631 ;;		_itoa
   632 ;;		_tx_char
   633 ;; This function is called by:
   634 ;;		Interrupt level 2
   635 ;; This function uses a non-reentrant model
   636 ;;
   637                           
   638                           	psect	intcode
   639  000008                     __pintcode:
   640                           	callstack 0
   641  000008                     _ISR:
   642                           	callstack 26
   643                           
   644                           ;incstack = 0
   645  000008  823B               	bsf	int$flags,1,c	;set compiler interrupt flag (level 2)
   646  00000A  CFD9 F019          	movff	fsr2l,??_ISR+2
   647  00000E  CFDA F01A          	movff	fsr2h,??_ISR+3
   648  000012                     
   649                           ;motorMain.c: 144: if(INTCONbits.TMR0IF == 1) {
   650  000012  A4F2               	btfss	242,2,c	;volatile
   651  000014  EF0E  F000         	goto	i2u32_41
   652  000018  EF10  F000         	goto	i2u32_40
   653  00001C                     i2u32_41:
   654  00001C  EF63  F000         	goto	i2l111
   655  000020                     i2u32_40:
   656  000020                     
   657                           ;motorMain.c: 145: count++;
   658  000020  4A21               	infsnz	_count^0,f,c
   659  000022  2A22               	incf	(_count+1)^0,f,c
   660  000024                     
   661                           ;motorMain.c: 146: if (count == 30000) {
   662  000024  0E30               	movlw	48
   663  000026  1821               	xorwf	_count^0,w,c
   664  000028  E107               	bnz	i2u33_41
   665  00002A  0E75               	movlw	117
   666  00002C  1822               	xorwf	(_count+1)^0,w,c
   667  00002E  A4D8               	btfss	status,2,c
   668  000030  EF1C  F000         	goto	i2u33_41
   669  000034  EF1E  F000         	goto	i2u33_40
   670  000038                     i2u33_41:
   671  000038  EF63  F000         	goto	i2l111
   672  00003C                     i2u33_40:
   673  00003C                     
   674                           ;motorMain.c: 147: itoa(stringBuffer,239,10);
   675  00003C  0E24               	movlw	low _stringBuffer
   676  00003E  6E11               	movwf	itoa@buf^0,c
   677  000040  0E00               	movlw	high _stringBuffer
   678  000042  6E12               	movwf	(itoa@buf+1)^0,c
   679  000044  0E00               	movlw	0
   680  000046  6E14               	movwf	(itoa@val+1)^0,c
   681  000048  0EEF               	movlw	239
   682  00004A  6E13               	movwf	itoa@val^0,c
   683  00004C  0E00               	movlw	0
   684  00004E  6E16               	movwf	(itoa@base+1)^0,c
   685  000050  0E0A               	movlw	10
   686  000052  6E15               	movwf	itoa@base^0,c
   687  000054  EC4F  F002         	call	_itoa	;wreg free
   688  000058                     
   689                           ;motorMain.c: 148: int i = 0;
   690  000058  0E00               	movlw	0
   691  00005A  6E1C               	movwf	(ISR@i+1)^0,c
   692  00005C  0E00               	movlw	0
   693  00005E  6E1B               	movwf	ISR@i^0,c
   694                           
   695                           ;motorMain.c: 149: while (stringBuffer[i]) {
   696  000060  EF3D  F000         	goto	i2l1221
   697  000064                     i2l1217:
   698                           
   699                           ;motorMain.c: 150: tx_char(stringBuffer[i]);
   700  000064  0E24               	movlw	low _stringBuffer
   701  000066  241B               	addwf	ISR@i^0,w,c
   702  000068  6ED9               	movwf	fsr2l,c
   703  00006A  0E00               	movlw	high _stringBuffer
   704  00006C  201C               	addwfc	(ISR@i+1)^0,w,c
   705  00006E  6EDA               	movwf	fsr2h,c
   706  000070  50DF               	movf	indf2,w,c
   707  000072  ECC4  F002         	call	_tx_char
   708  000076                     
   709                           ;motorMain.c: 151: i++;
   710  000076  4A1B               	infsnz	ISR@i^0,f,c
   711  000078  2A1C               	incf	(ISR@i+1)^0,f,c
   712  00007A                     i2l1221:
   713  00007A  0E24               	movlw	low _stringBuffer
   714  00007C  241B               	addwf	ISR@i^0,w,c
   715  00007E  6ED9               	movwf	fsr2l,c
   716  000080  0E00               	movlw	high _stringBuffer
   717  000082  201C               	addwfc	(ISR@i+1)^0,w,c
   718  000084  6EDA               	movwf	fsr2h,c
   719  000086  50DF               	movf	indf2,w,c
   720  000088  A4D8               	btfss	status,2,c
   721  00008A  EF49  F000         	goto	i2u34_41
   722  00008E  EF4B  F000         	goto	i2u34_40
   723  000092                     i2u34_41:
   724  000092  EF32  F000         	goto	i2l1217
   725  000096                     i2u34_40:
   726  000096                     
   727                           ;motorMain.c: 152: };motorMain.c: 153: tx_char(0x0a);
   728  000096  0E0A               	movlw	10
   729  000098  ECC4  F002         	call	_tx_char
   730  00009C                     
   731                           ;motorMain.c: 154: PORTBbits.RB6 = 1 - PORTBbits.RB6;
   732  00009C  BC81               	btfsc	129,6,c	;volatile
   733  00009E  EF53  F000         	goto	i2u35_41
   734  0000A2  EF57  F000         	goto	i2u35_40
   735  0000A6                     i2u35_41:
   736  0000A6  6A17               	clrf	??_ISR^0,c
   737  0000A8  2A17               	incf	??_ISR^0,f,c
   738  0000AA  EF58  F000         	goto	i2u35_48
   739  0000AE                     i2u35_40:
   740  0000AE  6A17               	clrf	??_ISR^0,c
   741  0000B0                     i2u35_48:
   742  0000B0  5017               	movf	??_ISR^0,w,c
   743  0000B2  0801               	sublw	1
   744  0000B4  6E18               	movwf	(??_ISR+1)^0,c
   745  0000B6  3A18               	swapf	(??_ISR+1)^0,f,c
   746  0000B8  4618               	rlncf	(??_ISR+1)^0,f,c
   747  0000BA  4618               	rlncf	(??_ISR+1)^0,f,c
   748  0000BC  5081               	movf	129,w,c	;volatile
   749  0000BE  1818               	xorwf	(??_ISR+1)^0,w,c
   750  0000C0  0BBF               	andlw	-65
   751  0000C2  1818               	xorwf	(??_ISR+1)^0,w,c
   752  0000C4  6E81               	movwf	129,c	;volatile
   753  0000C6                     i2l111:
   754  0000C6  C01A  FFDA         	movff	??_ISR+3,fsr2h
   755  0000CA  C019  FFD9         	movff	??_ISR+2,fsr2l
   756  0000CE  923B               	bcf	int$flags,1,c	;clear compiler interrupt flag (level 2)
   757  0000D0  0011               	retfie		f
   758  0000D2                     __end_of_ISR:
   759                           	callstack 0
   760                           
   761 ;; *************** function _tx_char *****************
   762 ;; Defined at:
   763 ;;		line 290 in file "motorMain.c"
   764 ;; Parameters:    Size  Location     Type
   765 ;;  a               1    wreg     unsigned char 
   766 ;; Auto vars:     Size  Location     Type
   767 ;;  a               1    0[COMRAM] unsigned char 
   768 ;; Return value:  Size  Location     Type
   769 ;;                  1    wreg      void 
   770 ;; Registers used:
   771 ;;		wreg
   772 ;; Tracked objects:
   773 ;;		On entry : 0/0
   774 ;;		On exit  : 0/0
   775 ;;		Unchanged: 0/0
   776 ;; Data sizes:     COMRAM   BANK0   BANK1   BANK2
   777 ;;      Params:         0       0       0       0
   778 ;;      Locals:         1       0       0       0
   779 ;;      Temps:          0       0       0       0
   780 ;;      Totals:         1       0       0       0
   781 ;;Total ram usage:        1 bytes
   782 ;; Hardware stack levels used: 1
   783 ;; This function calls:
   784 ;;		Nothing
   785 ;; This function is called by:
   786 ;;		_ISR
   787 ;; This function uses a non-reentrant model
   788 ;;
   789                           
   790                           	psect	text6
   791  000588                     __ptext6:
   792                           	callstack 0
   793  000588                     _tx_char:
   794                           	callstack 28
   795                           
   796                           ;incstack = 0
   797                           ;tx_char@a stored from wreg
   798  000588  6E01               	movwf	tx_char@a^0,c
   799  00058A                     
   800                           ;motorMain.c: 291: TXREG=a;
   801  00058A  C001  FFAD         	movff	tx_char@a,4013	;volatile
   802  00058E                     i2l158:
   803  00058E  A2AC               	btfss	4012,1,c	;volatile
   804  000590  EFCC  F002         	goto	i2u11_41
   805  000594  EFCE  F002         	goto	i2u11_40
   806  000598                     i2u11_41:
   807  000598  EFC7  F002         	goto	i2l158
   808  00059C                     i2u11_40:
   809  00059C  0012               	return		;funcret
   810  00059E                     __end_of_tx_char:
   811                           	callstack 0
   812                           
   813 ;; *************** function _itoa *****************
   814 ;; Defined at:
   815 ;;		line 4 in file "C:\Program Files\Microchip\xc8\v2.32\pic\sources\c90\common\itoa.c"
   816 ;; Parameters:    Size  Location     Type
   817 ;;  buf             2   16[COMRAM] PTR unsigned char 
   818 ;;		 -> stringBuffer(20), 
   819 ;;  val             2   18[COMRAM] int 
   820 ;;  base            2   20[COMRAM] int 
   821 ;; Auto vars:     Size  Location     Type
   822 ;;  cp              2    0        PTR unsigned char 
   823 ;;		 -> stringBuffer(20), 
   824 ;; Return value:  Size  Location     Type
   825 ;;                  2   16[COMRAM] PTR unsigned char 
   826 ;; Registers used:
   827 ;;		wreg, fsr2l, fsr2h, status,2, status,0, cstack
   828 ;; Tracked objects:
   829 ;;		On entry : 0/0
   830 ;;		On exit  : 0/0
   831 ;;		Unchanged: 0/0
   832 ;; Data sizes:     COMRAM   BANK0   BANK1   BANK2
   833 ;;      Params:         6       0       0       0
   834 ;;      Locals:         0       0       0       0
   835 ;;      Temps:          0       0       0       0
   836 ;;      Totals:         6       0       0       0
   837 ;;Total ram usage:        6 bytes
   838 ;; Hardware stack levels used: 1
   839 ;; Hardware stack levels required when called: 2
   840 ;; This function calls:
   841 ;;		_utoa
   842 ;; This function is called by:
   843 ;;		_ISR
   844 ;; This function uses a non-reentrant model
   845 ;;
   846                           
   847                           	psect	text7
   848  00049E                     __ptext7:
   849                           	callstack 0
   850  00049E                     _itoa:
   851                           	callstack 26
   852  00049E  BE14               	btfsc	(itoa@val+1)^0,7,c
   853  0004A0  EF56  F002         	goto	i2u31_40
   854  0004A4  EF54  F002         	goto	i2u31_41
   855  0004A8                     i2u31_41:
   856  0004A8  EF62  F002         	goto	i2l1203
   857  0004AC                     i2u31_40:
   858  0004AC  C011  FFD9         	movff	itoa@buf,fsr2l
   859  0004B0  C012  FFDA         	movff	itoa@buf+1,fsr2h
   860  0004B4  0E2D               	movlw	45
   861  0004B6  6EDF               	movwf	indf2,c
   862  0004B8  4A11               	infsnz	itoa@buf^0,f,c
   863  0004BA  2A12               	incf	(itoa@buf+1)^0,f,c
   864  0004BC  6C13               	negf	itoa@val^0,c
   865  0004BE  1E14               	comf	(itoa@val+1)^0,f,c
   866  0004C0  B0D8               	btfsc	status,0,c
   867  0004C2  2A14               	incf	(itoa@val+1)^0,f,c
   868  0004C4                     i2l1203:
   869  0004C4  C011  F008         	movff	itoa@buf,utoa@buf
   870  0004C8  C012  F009         	movff	itoa@buf+1,utoa@buf+1
   871  0004CC  C013  F00A         	movff	itoa@val,utoa@val
   872  0004D0  C014  F00B         	movff	itoa@val+1,utoa@val+1
   873  0004D4  C015  F00C         	movff	itoa@base,utoa@base
   874  0004D8  C016  F00D         	movff	itoa@base+1,utoa@base+1
   875  0004DC  EC82  F001         	call	_utoa	;wreg free
   876  0004E0  0012               	return		;funcret
   877  0004E2                     __end_of_itoa:
   878                           	callstack 0
   879                           
   880 ;; *************** function _utoa *****************
   881 ;; Defined at:
   882 ;;		line 17 in file "C:\Program Files\Microchip\xc8\v2.32\pic\sources\c90\common\itoa.c"
   883 ;; Parameters:    Size  Location     Type
   884 ;;  buf             2    7[COMRAM] PTR unsigned char 
   885 ;;		 -> stringBuffer(20), 
   886 ;;  val             2    9[COMRAM] unsigned int 
   887 ;;  base            2   11[COMRAM] int 
   888 ;; Auto vars:     Size  Location     Type
   889 ;;  v               2   13[COMRAM] unsigned int 
   890 ;;  c               1   15[COMRAM] unsigned char 
   891 ;; Return value:  Size  Location     Type
   892 ;;                  2    7[COMRAM] PTR unsigned char 
   893 ;; Registers used:
   894 ;;		wreg, fsr2l, fsr2h, status,2, status,0, cstack
   895 ;; Tracked objects:
   896 ;;		On entry : 0/0
   897 ;;		On exit  : 0/0
   898 ;;		Unchanged: 0/0
   899 ;; Data sizes:     COMRAM   BANK0   BANK1   BANK2
   900 ;;      Params:         6       0       0       0
   901 ;;      Locals:         3       0       0       0
   902 ;;      Temps:          0       0       0       0
   903 ;;      Totals:         9       0       0       0
   904 ;;Total ram usage:        9 bytes
   905 ;; Hardware stack levels used: 1
   906 ;; Hardware stack levels required when called: 1
   907 ;; This function calls:
   908 ;;		___lwdiv
   909 ;;		___lwmod
   910 ;; This function is called by:
   911 ;;		_itoa
   912 ;; This function uses a non-reentrant model
   913 ;;
   914                           
   915                           	psect	text8
   916  000304                     __ptext8:
   917                           	callstack 0
   918  000304                     _utoa:
   919                           	callstack 26
   920  000304  C00A  F00E         	movff	utoa@val,utoa@v
   921  000308  C00B  F00F         	movff	utoa@val+1,utoa@v+1
   922  00030C                     i2l1167:
   923  00030C  C00E  F001         	movff	utoa@v,___lwdiv@dividend
   924  000310  C00F  F002         	movff	utoa@v+1,___lwdiv@dividend+1
   925  000314  C00C  F003         	movff	utoa@base,___lwdiv@divisor
   926  000318  C00D  F004         	movff	utoa@base+1,___lwdiv@divisor+1
   927  00031C  ECE3  F001         	call	___lwdiv	;wreg free
   928  000320  C001  F00E         	movff	?___lwdiv,utoa@v
   929  000324  C002  F00F         	movff	?___lwdiv+1,utoa@v+1
   930  000328  4A08               	infsnz	utoa@buf^0,f,c
   931  00032A  2A09               	incf	(utoa@buf+1)^0,f,c
   932  00032C  500E               	movf	utoa@v^0,w,c
   933  00032E  100F               	iorwf	(utoa@v+1)^0,w,c
   934  000330  A4D8               	btfss	status,2,c
   935  000332  EF9D  F001         	goto	i2u28_41
   936  000336  EF9F  F001         	goto	i2u28_40
   937  00033A                     i2u28_41:
   938  00033A  EF86  F001         	goto	i2l1167
   939  00033E                     i2u28_40:
   940  00033E  C008  FFD9         	movff	utoa@buf,fsr2l
   941  000342  C009  FFDA         	movff	utoa@buf+1,fsr2h
   942  000346  0E00               	movlw	0
   943  000348  6EDF               	movwf	indf2,c
   944  00034A  0608               	decf	utoa@buf^0,f,c
   945  00034C  A0D8               	btfss	status,0,c
   946  00034E  0609               	decf	(utoa@buf+1)^0,f,c
   947  000350                     i2l1177:
   948  000350  C00A  F001         	movff	utoa@val,___lwmod@dividend
   949  000354  C00B  F002         	movff	utoa@val+1,___lwmod@dividend+1
   950  000358  C00C  F003         	movff	utoa@base,___lwmod@divisor
   951  00035C  C00D  F004         	movff	utoa@base+1,___lwmod@divisor+1
   952  000360  EC1D  F002         	call	___lwmod	;wreg free
   953  000364  5001               	movf	?___lwmod^0,w,c
   954  000366  6E10               	movwf	utoa@c^0,c
   955  000368  C00A  F001         	movff	utoa@val,___lwdiv@dividend
   956  00036C  C00B  F002         	movff	utoa@val+1,___lwdiv@dividend+1
   957  000370  C00C  F003         	movff	utoa@base,___lwdiv@divisor
   958  000374  C00D  F004         	movff	utoa@base+1,___lwdiv@divisor+1
   959  000378  ECE3  F001         	call	___lwdiv	;wreg free
   960  00037C  C001  F00A         	movff	?___lwdiv,utoa@val
   961  000380  C002  F00B         	movff	?___lwdiv+1,utoa@val+1
   962  000384  0E09               	movlw	9
   963  000386  6410               	cpfsgt	utoa@c^0,c
   964  000388  EFC8  F001         	goto	i2u29_41
   965  00038C  EFCA  F001         	goto	i2u29_40
   966  000390                     i2u29_41:
   967  000390  EFCC  F001         	goto	i2l835
   968  000394                     i2u29_40:
   969  000394  0E07               	movlw	7
   970  000396  2610               	addwf	utoa@c^0,f,c
   971  000398                     i2l835:
   972  000398  0E30               	movlw	48
   973  00039A  2610               	addwf	utoa@c^0,f,c
   974  00039C  C008  FFD9         	movff	utoa@buf,fsr2l
   975  0003A0  C009  FFDA         	movff	utoa@buf+1,fsr2h
   976  0003A4  C010  FFDF         	movff	utoa@c,indf2
   977  0003A8  0608               	decf	utoa@buf^0,f,c
   978  0003AA  A0D8               	btfss	status,0,c
   979  0003AC  0609               	decf	(utoa@buf+1)^0,f,c
   980  0003AE  500A               	movf	utoa@val^0,w,c
   981  0003B0  100B               	iorwf	(utoa@val+1)^0,w,c
   982  0003B2  A4D8               	btfss	status,2,c
   983  0003B4  EFDE  F001         	goto	i2u30_41
   984  0003B8  EFE0  F001         	goto	i2u30_40
   985  0003BC                     i2u30_41:
   986  0003BC  EFA8  F001         	goto	i2l1177
   987  0003C0                     i2u30_40:
   988  0003C0                     
   989                           ;	Return value of _utoa is never used
   990  0003C0  4A08               	infsnz	utoa@buf^0,f,c
   991  0003C2  2A09               	incf	(utoa@buf+1)^0,f,c
   992  0003C4  0012               	return		;funcret
   993  0003C6                     __end_of_utoa:
   994                           	callstack 0
   995                           
   996 ;; *************** function ___lwmod *****************
   997 ;; Defined at:
   998 ;;		line 7 in file "C:\Program Files\Microchip\xc8\v2.32\pic\sources\c90\common\lwmod.c"
   999 ;; Parameters:    Size  Location     Type
  1000 ;;  dividend        2    0[COMRAM] unsigned int 
  1001 ;;  divisor         2    2[COMRAM] unsigned int 
  1002 ;; Auto vars:     Size  Location     Type
  1003 ;;  counter         1    4[COMRAM] unsigned char 
  1004 ;; Return value:  Size  Location     Type
  1005 ;;                  2    0[COMRAM] unsigned int 
  1006 ;; Registers used:
  1007 ;;		wreg, status,2, status,0
  1008 ;; Tracked objects:
  1009 ;;		On entry : 0/0
  1010 ;;		On exit  : 0/0
  1011 ;;		Unchanged: 0/0
  1012 ;; Data sizes:     COMRAM   BANK0   BANK1   BANK2
  1013 ;;      Params:         4       0       0       0
  1014 ;;      Locals:         1       0       0       0
  1015 ;;      Temps:          0       0       0       0
  1016 ;;      Totals:         5       0       0       0
  1017 ;;Total ram usage:        5 bytes
  1018 ;; Hardware stack levels used: 1
  1019 ;; This function calls:
  1020 ;;		Nothing
  1021 ;; This function is called by:
  1022 ;;		_utoa
  1023 ;; This function uses a non-reentrant model
  1024 ;;
  1025                           
  1026                           	psect	text9
  1027  00043A                     __ptext9:
  1028                           	callstack 0
  1029  00043A                     ___lwmod:
  1030                           	callstack 26
  1031  00043A  5003               	movf	___lwmod@divisor^0,w,c
  1032  00043C  1004               	iorwf	(___lwmod@divisor+1)^0,w,c
  1033  00043E  B4D8               	btfsc	status,2,c
  1034  000440  EF24  F002         	goto	i2u25_41
  1035  000444  EF26  F002         	goto	i2u25_40
  1036  000448                     i2u25_41:
  1037  000448  EF4A  F002         	goto	i2l653
  1038  00044C                     i2u25_40:
  1039  00044C  0E01               	movlw	1
  1040  00044E  6E05               	movwf	___lwmod@counter^0,c
  1041  000450  EF2E  F002         	goto	i2l1155
  1042  000454                     i2l1153:
  1043  000454  90D8               	bcf	status,0,c
  1044  000456  3603               	rlcf	___lwmod@divisor^0,f,c
  1045  000458  3604               	rlcf	(___lwmod@divisor+1)^0,f,c
  1046  00045A  2A05               	incf	___lwmod@counter^0,f,c
  1047  00045C                     i2l1155:
  1048  00045C  AE04               	btfss	(___lwmod@divisor+1)^0,7,c
  1049  00045E  EF33  F002         	goto	i2u26_41
  1050  000462  EF35  F002         	goto	i2u26_40
  1051  000466                     i2u26_41:
  1052  000466  EF2A  F002         	goto	i2l1153
  1053  00046A                     i2u26_40:
  1054  00046A                     i2l1157:
  1055  00046A  5003               	movf	___lwmod@divisor^0,w,c
  1056  00046C  5C01               	subwf	___lwmod@dividend^0,w,c
  1057  00046E  5004               	movf	(___lwmod@divisor+1)^0,w,c
  1058  000470  5802               	subwfb	(___lwmod@dividend+1)^0,w,c
  1059  000472  A0D8               	btfss	status,0,c
  1060  000474  EF3E  F002         	goto	i2u27_41
  1061  000478  EF40  F002         	goto	i2u27_40
  1062  00047C                     i2u27_41:
  1063  00047C  EF44  F002         	goto	i2l1161
  1064  000480                     i2u27_40:
  1065  000480  5003               	movf	___lwmod@divisor^0,w,c
  1066  000482  5E01               	subwf	___lwmod@dividend^0,f,c
  1067  000484  5004               	movf	(___lwmod@divisor+1)^0,w,c
  1068  000486  5A02               	subwfb	(___lwmod@dividend+1)^0,f,c
  1069  000488                     i2l1161:
  1070  000488  90D8               	bcf	status,0,c
  1071  00048A  3204               	rrcf	(___lwmod@divisor+1)^0,f,c
  1072  00048C  3203               	rrcf	___lwmod@divisor^0,f,c
  1073  00048E  2E05               	decfsz	___lwmod@counter^0,f,c
  1074  000490  EF35  F002         	goto	i2l1157
  1075  000494                     i2l653:
  1076  000494  C001  F001         	movff	___lwmod@dividend,?___lwmod
  1077  000498  C002  F002         	movff	___lwmod@dividend+1,?___lwmod+1
  1078  00049C  0012               	return		;funcret
  1079  00049E                     __end_of___lwmod:
  1080                           	callstack 0
  1081                           
  1082 ;; *************** function ___lwdiv *****************
  1083 ;; Defined at:
  1084 ;;		line 7 in file "C:\Program Files\Microchip\xc8\v2.32\pic\sources\c90\common\lwdiv.c"
  1085 ;; Parameters:    Size  Location     Type
  1086 ;;  dividend        2    0[COMRAM] unsigned int 
  1087 ;;  divisor         2    2[COMRAM] unsigned int 
  1088 ;; Auto vars:     Size  Location     Type
  1089 ;;  quotient        2    4[COMRAM] unsigned int 
  1090 ;;  counter         1    6[COMRAM] unsigned char 
  1091 ;; Return value:  Size  Location     Type
  1092 ;;                  2    0[COMRAM] unsigned int 
  1093 ;; Registers used:
  1094 ;;		wreg, status,2, status,0
  1095 ;; Tracked objects:
  1096 ;;		On entry : 0/0
  1097 ;;		On exit  : 0/0
  1098 ;;		Unchanged: 0/0
  1099 ;; Data sizes:     COMRAM   BANK0   BANK1   BANK2
  1100 ;;      Params:         4       0       0       0
  1101 ;;      Locals:         3       0       0       0
  1102 ;;      Temps:          0       0       0       0
  1103 ;;      Totals:         7       0       0       0
  1104 ;;Total ram usage:        7 bytes
  1105 ;; Hardware stack levels used: 1
  1106 ;; This function calls:
  1107 ;;		Nothing
  1108 ;; This function is called by:
  1109 ;;		_utoa
  1110 ;; This function uses a non-reentrant model
  1111 ;;
  1112                           
  1113                           	psect	text10
  1114  0003C6                     __ptext10:
  1115                           	callstack 0
  1116  0003C6                     ___lwdiv:
  1117                           	callstack 26
  1118  0003C6  0E00               	movlw	0
  1119  0003C8  6E06               	movwf	(___lwdiv@quotient+1)^0,c
  1120  0003CA  0E00               	movlw	0
  1121  0003CC  6E05               	movwf	___lwdiv@quotient^0,c
  1122  0003CE  5003               	movf	___lwdiv@divisor^0,w,c
  1123  0003D0  1004               	iorwf	(___lwdiv@divisor+1)^0,w,c
  1124  0003D2  B4D8               	btfsc	status,2,c
  1125  0003D4  EFEE  F001         	goto	i2u22_41
  1126  0003D8  EFF0  F001         	goto	i2u22_40
  1127  0003DC                     i2u22_41:
  1128  0003DC  EF18  F002         	goto	i2l643
  1129  0003E0                     i2u22_40:
  1130  0003E0  0E01               	movlw	1
  1131  0003E2  6E07               	movwf	___lwdiv@counter^0,c
  1132  0003E4  EFF8  F001         	goto	i2l1135
  1133  0003E8                     i2l1133:
  1134  0003E8  90D8               	bcf	status,0,c
  1135  0003EA  3603               	rlcf	___lwdiv@divisor^0,f,c
  1136  0003EC  3604               	rlcf	(___lwdiv@divisor+1)^0,f,c
  1137  0003EE  2A07               	incf	___lwdiv@counter^0,f,c
  1138  0003F0                     i2l1135:
  1139  0003F0  AE04               	btfss	(___lwdiv@divisor+1)^0,7,c
  1140  0003F2  EFFD  F001         	goto	i2u23_41
  1141  0003F6  EFFF  F001         	goto	i2u23_40
  1142  0003FA                     i2u23_41:
  1143  0003FA  EFF4  F001         	goto	i2l1133
  1144  0003FE                     i2u23_40:
  1145  0003FE                     i2l1137:
  1146  0003FE  90D8               	bcf	status,0,c
  1147  000400  3605               	rlcf	___lwdiv@quotient^0,f,c
  1148  000402  3606               	rlcf	(___lwdiv@quotient+1)^0,f,c
  1149  000404  5003               	movf	___lwdiv@divisor^0,w,c
  1150  000406  5C01               	subwf	___lwdiv@dividend^0,w,c
  1151  000408  5004               	movf	(___lwdiv@divisor+1)^0,w,c
  1152  00040A  5802               	subwfb	(___lwdiv@dividend+1)^0,w,c
  1153  00040C  A0D8               	btfss	status,0,c
  1154  00040E  EF0B  F002         	goto	i2u24_41
  1155  000412  EF0D  F002         	goto	i2u24_40
  1156  000416                     i2u24_41:
  1157  000416  EF12  F002         	goto	i2l1145
  1158  00041A                     i2u24_40:
  1159  00041A  5003               	movf	___lwdiv@divisor^0,w,c
  1160  00041C  5E01               	subwf	___lwdiv@dividend^0,f,c
  1161  00041E  5004               	movf	(___lwdiv@divisor+1)^0,w,c
  1162  000420  5A02               	subwfb	(___lwdiv@dividend+1)^0,f,c
  1163  000422  8005               	bsf	___lwdiv@quotient^0,0,c
  1164  000424                     i2l1145:
  1165  000424  90D8               	bcf	status,0,c
  1166  000426  3204               	rrcf	(___lwdiv@divisor+1)^0,f,c
  1167  000428  3203               	rrcf	___lwdiv@divisor^0,f,c
  1168  00042A  2E07               	decfsz	___lwdiv@counter^0,f,c
  1169  00042C  EFFF  F001         	goto	i2l1137
  1170  000430                     i2l643:
  1171  000430  C005  F001         	movff	___lwdiv@quotient,?___lwdiv
  1172  000434  C006  F002         	movff	___lwdiv@quotient+1,?___lwdiv+1
  1173  000438  0012               	return		;funcret
  1174  00043A                     __end_of___lwdiv:
  1175                           	callstack 0
  1176                           
  1177                           	psect	rparam
  1178  0000                     
  1179                           	psect	temp
  1180  00003B                     btemp:
  1181                           	callstack 0
  1182  00003B                     	ds	1
  1183  0000                     int$flags	set	btemp
  1184  0000                     wtemp8	set	btemp+1
  1185  0000                     ttemp5	set	btemp+1
  1186  0000                     ttemp6	set	btemp+4
  1187  0000                     ttemp7	set	btemp+8
  1188                           
  1189                           	psect	idloc
  1190                           
  1191                           ;Config register IDLOC0 @ 0x200000
  1192                           ;	unspecified, using default values
  1193  200000                     	org	2097152
  1194  200000  FF                 	db	255
  1195                           
  1196                           ;Config register IDLOC1 @ 0x200001
  1197                           ;	unspecified, using default values
  1198  200001                     	org	2097153
  1199  200001  FF                 	db	255
  1200                           
  1201                           ;Config register IDLOC2 @ 0x200002
  1202                           ;	unspecified, using default values
  1203  200002                     	org	2097154
  1204  200002  FF                 	db	255
  1205                           
  1206                           ;Config register IDLOC3 @ 0x200003
  1207                           ;	unspecified, using default values
  1208  200003                     	org	2097155
  1209  200003  FF                 	db	255
  1210                           
  1211                           ;Config register IDLOC4 @ 0x200004
  1212                           ;	unspecified, using default values
  1213  200004                     	org	2097156
  1214  200004  FF                 	db	255
  1215                           
  1216                           ;Config register IDLOC5 @ 0x200005
  1217                           ;	unspecified, using default values
  1218  200005                     	org	2097157
  1219  200005  FF                 	db	255
  1220                           
  1221                           ;Config register IDLOC6 @ 0x200006
  1222                           ;	unspecified, using default values
  1223  200006                     	org	2097158
  1224  200006  FF                 	db	255
  1225                           
  1226                           ;Config register IDLOC7 @ 0x200007
  1227                           ;	unspecified, using default values
  1228  200007                     	org	2097159
  1229  200007  FF                 	db	255
  1230                           
  1231                           	psect	config
  1232                           
  1233                           ; Padding undefined space
  1234  300000                     	org	3145728
  1235  300000  FF                 	db	255
  1236                           
  1237                           ;Config register CONFIG1H @ 0x300001
  1238                           ;	Oscillator Selection bits
  1239                           ;	OSC = RC, 11XX External RC oscillator, CLKO function on RA6
  1240                           ;	Fail-Safe Clock Monitor Enable bit
  1241                           ;	FCMEN = ON, Fail-Safe Clock Monitor enabled
  1242                           ;	Internal External Oscillator Switchover bit
  1243                           ;	IESO = ON, Internal External Switchover mode enabled
  1244  300001                     	org	3145729
  1245  300001  CC                 	db	204
  1246                           
  1247                           ;Config register CONFIG2L @ 0x300002
  1248                           ;	Power-up Timer Enable bit
  1249                           ;	PWRTEN = OFF, PWRT disabled
  1250                           ;	Brown-out Reset Enable bits
  1251                           ;	BOREN = ON, Brown-out Reset enabled
  1252                           ;	Brown Out Reset Voltage bits
  1253                           ;	BORV = 0x3, unprogrammed default
  1254  300002                     	org	3145730
  1255  300002  0F                 	db	15
  1256                           
  1257                           ;Config register CONFIG2H @ 0x300003
  1258                           ;	Watchdog Timer Enable bit
  1259                           ;	WDTEN = OFF, WDT disabled (control is placed on the SWDTEN bit)
  1260                           ;	Watchdog Timer Postscale Select bits
  1261                           ;	WDPS = 32768, 1:32768
  1262                           ;	Watchdog Timer Window Enable bit
  1263                           ;	WINEN = OFF, WDT window disabled
  1264  300003                     	org	3145731
  1265  300003  3E                 	db	62
  1266                           
  1267                           ;Config register CONFIG3L @ 0x300004
  1268                           ;	PWM output pins Reset state control
  1269                           ;	PWMPIN = OFF, PWM outputs disabled upon Reset (default)
  1270                           ;	Low-Side Transistors Polarity
  1271                           ;	LPOL = HIGH, PWM0, 2, 4 and 6 are active-high
  1272                           ;	High-Side Transistors Polarity
  1273                           ;	HPOL = HIGH, PWM1, 3, 5 and 7 are active-high
  1274                           ;	Timer1 Oscillator MUX
  1275                           ;	T1OSCMX = ON, Low-power Timer1 operation when microcontroller is in Sleep mode
  1276  300004                     	org	3145732
  1277  300004  3C                 	db	60
  1278                           
  1279                           ;Config register CONFIG3H @ 0x300005
  1280                           ;	FLTA MUX bit
  1281                           ;	FLTAMX = RC1, FLTA input is multiplexed with RC1
  1282                           ;	SSP I/O MUX bit
  1283                           ;	SSPMX = RC7, SCK/SCL clocks and SDA/SDI data are multiplexed with RC5 and RC4, respect
      +                          ively. SDO output is multiplexed with RC7.
  1284                           ;	PWM4 MUX bit
  1285                           ;	PWM4MX = RB5, PWM4 output is multiplexed with RB5
  1286                           ;	TMR0/T5CKI External clock MUX bit
  1287                           ;	EXCLKMX = RC3, TMR0/T5CKI external clock input is multiplexed with RC3
  1288                           ;	MCLR Pin Enable bit
  1289                           ;	MCLRE = ON, Enabled
  1290  300005                     	org	3145733
  1291  300005  9D                 	db	157
  1292                           
  1293                           ;Config register CONFIG4L @ 0x300006
  1294                           ;	Stack Full/Underflow Reset Enable bit
  1295                           ;	STVREN = ON, Stack full/underflow will cause Reset
  1296                           ;	Low-Voltage ICSP Enable bit
  1297                           ;	LVP = ON, Low-voltage ICSP enabled
  1298                           ;	Background Debugger Enable bit
  1299                           ;	DEBUG = 0x1, unprogrammed default
  1300  300006                     	org	3145734
  1301  300006  85                 	db	133
  1302                           
  1303                           ; Padding undefined space
  1304  300007                     	org	3145735
  1305  300007  FF                 	db	255
  1306                           
  1307                           ;Config register CONFIG5L @ 0x300008
  1308                           ;	Code Protection bit
  1309                           ;	CP0 = OFF, Block 0 (000200-000FFFh) not code-protected
  1310                           ;	Code Protection bit
  1311                           ;	CP1 = OFF, Block 1 (001000-001FFF) not code-protected
  1312                           ;	Code Protection bit
  1313                           ;	CP2 = OFF, Block 2 (002000-002FFFh) not code-protected
  1314                           ;	Code Protection bit
  1315                           ;	CP3 = OFF, Block 3 (003000-003FFFh) not code-protected
  1316  300008                     	org	3145736
  1317  300008  0F                 	db	15
  1318                           
  1319                           ;Config register CONFIG5H @ 0x300009
  1320                           ;	Boot Block Code Protection bit
  1321                           ;	CPB = OFF, Boot Block (000000-0001FFh) not code-protected
  1322                           ;	Data EEPROM Code Protection bit
  1323                           ;	CPD = OFF, Data EEPROM not code-protected
  1324  300009                     	org	3145737
  1325  300009  C0                 	db	192
  1326                           
  1327                           ;Config register CONFIG6L @ 0x30000A
  1328                           ;	Write Protection bit
  1329                           ;	WRT0 = OFF, Block 0 (000200-000FFFh) not write-protected
  1330                           ;	Write Protection bit
  1331                           ;	WRT1 = OFF, Block 1 (001000-001FFF) not write-protected
  1332                           ;	Write Protection bit
  1333                           ;	WRT2 = OFF, Block 2 (002000-002FFFh) not write-protected
  1334                           ;	Write Protection bit
  1335                           ;	WRT3 = OFF, Block 3 (003000-003FFFh) not write-protected
  1336  30000A                     	org	3145738
  1337  30000A  0F                 	db	15
  1338                           
  1339                           ;Config register CONFIG6H @ 0x30000B
  1340                           ;	Configuration Register Write Protection bit
  1341                           ;	WRTC = OFF, Configuration registers (300000-3000FFh) not write-protected
  1342                           ;	Boot Block Write Protection bit
  1343                           ;	WRTB = OFF, Boot Block (000000-0001FFh) not write-protected
  1344                           ;	Data EEPROM Write Protection bit
  1345                           ;	WRTD = OFF, Data EEPROM not write-protected
  1346  30000B                     	org	3145739
  1347  30000B  E0                 	db	224
  1348                           
  1349                           ;Config register CONFIG7L @ 0x30000C
  1350                           ;	Table Read Protection bit
  1351                           ;	EBTR0 = OFF, Block 0 (000200-000FFFh) not protected from table reads executed in other
      +                           blocks
  1352                           ;	Table Read Protection bit
  1353                           ;	EBTR1 = OFF, Block 1 (001000-001FFF) not protected from table reads executed in other 
      +                          blocks
  1354                           ;	Table Read Protection bit
  1355                           ;	EBTR2 = OFF, Block 2 (002000-002FFFh) not protected from table reads executed in other
      +                           blocks
  1356                           ;	Table Read Protection bit
  1357                           ;	EBTR3 = OFF, Block 3 (003000-003FFFh) not protected from table reads executed in other
      +                           blocks
  1358  30000C                     	org	3145740
  1359  30000C  0F                 	db	15
  1360                           
  1361                           ;Config register CONFIG7H @ 0x30000D
  1362                           ;	Boot Block Table Read Protection bit
  1363                           ;	EBTRB = OFF, Boot Block (000000-0001FFh) not protected from table reads executed in ot
      +                          her blocks
  1364  30000D                     	org	3145741
  1365  30000D  40                 	db	64
  1366                           tosu	equ	0xFFF
  1367                           tosh	equ	0xFFE
  1368                           tosl	equ	0xFFD
  1369                           stkptr	equ	0xFFC
  1370                           pclatu	equ	0xFFB
  1371                           pclath	equ	0xFFA
  1372                           pcl	equ	0xFF9
  1373                           tblptru	equ	0xFF8
  1374                           tblptrh	equ	0xFF7
  1375                           tblptrl	equ	0xFF6
  1376                           tablat	equ	0xFF5
  1377                           prodh	equ	0xFF4
  1378                           prodl	equ	0xFF3
  1379                           indf0	equ	0xFEF
  1380                           postinc0	equ	0xFEE
  1381                           postdec0	equ	0xFED
  1382                           preinc0	equ	0xFEC
  1383                           plusw0	equ	0xFEB
  1384                           fsr0h	equ	0xFEA
  1385                           fsr0l	equ	0xFE9
  1386                           wreg	equ	0xFE8
  1387                           indf1	equ	0xFE7
  1388                           postinc1	equ	0xFE6
  1389                           postdec1	equ	0xFE5
  1390                           preinc1	equ	0xFE4
  1391                           plusw1	equ	0xFE3
  1392                           fsr1h	equ	0xFE2
  1393                           fsr1l	equ	0xFE1
  1394                           bsr	equ	0xFE0
  1395                           indf2	equ	0xFDF
  1396                           postinc2	equ	0xFDE
  1397                           postdec2	equ	0xFDD
  1398                           preinc2	equ	0xFDC
  1399                           plusw2	equ	0xFDB
  1400                           fsr2h	equ	0xFDA
  1401                           fsr2l	equ	0xFD9
  1402                           status	equ	0xFD8

Data Sizes:
    Strings     2
    Constant    0
    Data        3
    BSS         27
    Persistent  0
    Stack       0

Auto Spaces:
    Space          Size  Autos    Used
    COMRAM           94     28      58
    BANK0           160      0       0
    BANK1           256      0       0
    BANK2           256      0       0

Pointer List with Targets:

    str	PTR unsigned char  size(2) Largest target is 0
		 -> NULL(NULL[0]), 

    utoa@buf	PTR unsigned char  size(2) Largest target is 20
		 -> stringBuffer(COMRAM[20]), 

    sp__utoa	PTR unsigned char  size(2) Largest target is 20
		 -> stringBuffer(COMRAM[20]), 

    itoa@buf	PTR unsigned char  size(2) Largest target is 20
		 -> stringBuffer(COMRAM[20]), 

    itoa@cp	PTR unsigned char  size(2) Largest target is 20
		 -> stringBuffer(COMRAM[20]), 

    sp__itoa	PTR unsigned char  size(2) Largest target is 20
		 -> stringBuffer(COMRAM[20]), 


Critical Paths under _main in COMRAM

    None.

Critical Paths under _ISR in COMRAM

    _ISR->_itoa
    _itoa->_utoa
    _utoa->___lwdiv

Critical Paths under _main in BANK0

    None.

Critical Paths under _ISR in BANK0

    None.

Critical Paths under _main in BANK1

    None.

Critical Paths under _ISR in BANK1

    None.

Critical Paths under _main in BANK2

    None.

Critical Paths under _ISR in BANK2

    None.

Call Graph Tables:

 ---------------------------------------------------------------------------------
 (Depth) Function   	        Calls       Base Space   Used Autos Params    Refs
 ---------------------------------------------------------------------------------
 (0) _main                                                 4     4      0       0
                           _setupQEI
                        _setupTimer0
                        _setupTimer5
                          _setupUART
 ---------------------------------------------------------------------------------
 (1) _setupUART                                            0     0      0       0
 ---------------------------------------------------------------------------------
 (1) _setupTimer5                                          0     0      0       0
 ---------------------------------------------------------------------------------
 (1) _setupTimer0                                          0     0      0       0
 ---------------------------------------------------------------------------------
 (1) _setupQEI                                             0     0      0       0
 ---------------------------------------------------------------------------------
 Estimated maximum stack depth 1
 ---------------------------------------------------------------------------------
 (Depth) Function   	        Calls       Base Space   Used Autos Params    Refs
 ---------------------------------------------------------------------------------
 (2) _ISR                                                  6     6      0    1759
                                             22 COMRAM     6     6      0
                               _itoa
                            _tx_char
 ---------------------------------------------------------------------------------
 (3) _tx_char                                              1     1      0      15
                                              0 COMRAM     1     1      0
 ---------------------------------------------------------------------------------
 (3) _itoa                                                 8     2      6    1698
                                             16 COMRAM     6     0      6
                               _utoa
 ---------------------------------------------------------------------------------
 (4) _utoa                                                 9     3      6    1307
                                              7 COMRAM     9     3      6
                            ___lwdiv
                            ___lwmod
 ---------------------------------------------------------------------------------
 (5) ___lwmod                                              5     1      4     311
                                              0 COMRAM     5     1      4
 ---------------------------------------------------------------------------------
 (5) ___lwdiv                                              7     3      4     466
                                              0 COMRAM     7     3      4
 ---------------------------------------------------------------------------------
 Estimated maximum stack depth 5
 ---------------------------------------------------------------------------------

 Call Graph Graphs:

 _main (ROOT)
   _setupQEI
   _setupTimer0
   _setupTimer5
   _setupUART

 _ISR (ROOT)
   _itoa
     _utoa
       ___lwdiv
       ___lwmod
   _tx_char

 Address spaces:
Name               Size   Autos  Total    Cost      Usage
BIGRAM             2FF      0       0      10        0.0%
EEDATA             100      0       0       0        0.0%
BITBANK2           100      0       0       8        0.0%
BANK2              100      0       0       9        0.0%
BITBANK1           100      0       0       6        0.0%
BANK1              100      0       0       7        0.0%
BITBANK0            A0      0       0       4        0.0%
BANK0               A0      0       0       5        0.0%
BITCOMRAM           5E      0       0       0        0.0%
COMRAM              5E     1C      3A       1       61.7%
BITSFR               0      0       0     200        0.0%
SFR                  0      0       0     200        0.0%
STACK                0      0       0       2        0.0%
NULL                 0      0       0       0        0.0%
ABS                  0      0      3A       3        0.0%
DATA                 0      0      3A      11        0.0%
CODE                 0      0       0       0        0.0%


Microchip Technology PIC18 Macro Assembler V2.32 build 20210201212658 
Symbol Table                                                                                   Wed Oct 27 12:00:04 2021

                      _w 003A              _SSPSTATbits 000FC7                       _CS 007C22  
                    l122 0586                      l116 0536                      l125 0556  
                    l117 0536                      l128 05B0                      l149 056E  
                    _ISR 0008                      _str 001D                      wreg 000FE8  
                   ?_ISR 0001                     ISR@i 001B                     l1011 0574  
                   l1021 0580                     l1013 0578                     l1005 0558  
                   l1023 0582                     l1015 057A                     l1031 05AE  
                   l1007 056A                     l1025 0584                     l1017 057C  
                   l1009 0570                     l1033 053E                     l1019 057E  
                   l1035 054C                     l1027 059E                     l1037 0554  
                   l1029 05A6                     l1091 0524                     l1083 051E  
                   l1093 0526                     l1085 051E                     l1095 052A  
                   l1087 0520                     l1097 052E                     l1089 0522  
                   l1099 0532                     STR_1 0301                     _RCIF 007CF5  
                   _TMR0 000FD6                     _TMR5 000F87                     _TRMT 007D61  
                   _main 051E                     _itoa 049E                     fsr2h 000FDA  
                   indf2 000FDF                     fsr2l 000FD9                     btemp 003B  
                   _utoa 0304                     start 00D2             ___param_bank 000000  
                  ??_ISR 0017                    ?_main 0001                    ?_itoa 0011  
                  ?_utoa 0008          __end_of___lwdiv 043A                    i2l111 00C6  
        __end_of___lwmod 049E                    i2l161 059C                    i2l158 058E  
                  i2l650 0438                    i2l643 0430                    i2l660 049C  
                  i2l653 0494                    i2l835 0398                    i2l837 03C4  
                  i2l829 04E0                    _RCREG 000FAE                    _SPBRG 000FAF  
                  _TXREG 000FAD                    _digit 0023                    _count 0021  
                  tablat 000FF5                    ttemp5 003C                    ttemp6 003F  
                  ttemp7 0043                    utoa@c 0010          __end_of_tx_char 059E  
                  utoa@v 000E                    status 000FD8                    wtemp8 003C  
           _stringBuffer 0024          __initialization 04E2             __end_of_main 053E  
           __end_of_itoa 04E2             __end_of_utoa 03C6                   ??_main 001D  
                 ??_itoa 0017                   ??_utoa 000E            __activetblptr 000001  
                 _ADCON0 000FC2                   _ADCON1 000FC1                   i2l1003 058A  
                 i2l1201 04BC                   i2l1131 03E0                   i2l1203 04C4  
                 i2l1211 0024                   i2l1141 041A                   i2l1133 03E8  
                 i2l1221 007A                   i2l1213 003C                   i2l1143 0422  
                 i2l1135 03F0                   i2l1127 03C6                   i2l1151 044C  
                 i2l1223 0096                   i2l1215 0058                   i2l1207 0012  
                 i2l1145 0424                   i2l1137 03FE                   i2l1129 03CE  
                 i2l1161 0488                   i2l1153 0454                   i2l1225 009C  
                 i2l1217 0064                   i2l1209 0020                   i2l1147 042A  
                 i2l1139 0404                   i2l1163 048E                   i2l1155 045C  
                 i2l1171 032C                   i2l1219 0076                   i2l1157 046A  
                 i2l1149 043A                   i2l1181 0384                   i2l1173 033E  
                 i2l1165 0304                   i2l1159 0480                   i2l1191 03C0  
                 i2l1183 0394                   i2l1175 034A                   i2l1167 030C  
                 i2l1185 039C                   i2l1177 0350                   i2l1169 0328  
                 i2l1187 03A8                   i2l1179 0368                   i2l1195 049E  
                 i2l1189 03AE                   i2l1197 04AC                   i2l1199 04B8  
                 _SSPBUF 000FC9                ??___lwdiv 0005                ??___lwmod 0005  
                 _count2 001F                   clear_0 0506                   isa$std 000001  
                 _number 0038             __pdataCOMRAM 0038         __end_of_setupQEI 0588  
           __mediumconst 0000                   tblptrh 000FF7                   tblptrl 000FF6  
                 tblptru 000FF8                ??_tx_char 0001             ?_setupTimer0 0001  
           ?_setupTimer5 0001               __accesstop 0060  __end_of__initialization 050C  
          ___rparam_used 000001           __pcstackCOMRAM 0001       __size_of_setupUART 0018  
                i2u11_40 059C                  i2u11_41 0598                  i2u22_40 03E0  
                i2u30_40 03C0                  i2u22_41 03DC                  i2u30_41 03BC  
                i2u23_40 03FE                  i2u31_40 04AC                  i2u23_41 03FA  
                i2u31_41 04A8                  i2u24_40 041A                  i2u32_40 0020  
                i2u24_41 0416                  i2u32_41 001C                  i2u25_40 044C  
                i2u33_40 003C                  i2u25_41 0448                  i2u33_41 0038  
                i2u26_40 046A                  i2u34_40 0096                  i2u26_41 0466  
                i2u34_41 0092                  i2u27_40 0480                  i2u35_40 00AE  
                i2u27_41 047C                  i2u35_41 00A6                  i2u28_40 033E  
                i2u35_48 00B0                  i2u28_41 033A                  i2u29_40 0394  
                i2u29_41 0390                  _SSPCON1 000FC6                  _SSPSTAT 000FC7  
                __Hparam 0000                  __Lparam 0000                ?_setupQEI 0001  
                ___lwdiv 03C6                  ___lwmod 043A             __psmallconst 0300  
                __pcinit 04E2                  __ramtop 0300                  __ptext0 051E  
                __ptext1 0558                  __ptext2 059E                  __ptext3 053E  
                __ptext4 0570                  __ptext6 0588                  __ptext7 049E  
                __ptext8 0304                  __ptext9 043A                _T0CONbits 000FD5  
           __size_of_ISR 00CA                _T5CONbits 000FB7                  _tx_char 0588  
   end_of_initialization 050C     __size_of_setupTimer0 001A     __size_of_setupTimer5 0014  
                itoa@buf 0011                  itoa@val 0013        __end_of_setupUART 0570  
             ??_setupQEI 001D                _RCSTAbits 000FAB                  postinc0 000FEE  
                utoa@buf 0008                  utoa@val 000A                _PORTBbits 000F81  
              _TRISBbits 000F93                _TRISCbits 000F94                _TRISDbits 000F95  
              _TXSTAbits 000FAC            __pidataCOMRAM 05B2      start_initialization 04E2  
            __end_of_ISR 00D2              _DFLTCONbits 000F60              __pbssCOMRAM 001D  
       ___lwdiv@dividend 0001                __pintcode 0008                 ?___lwdiv 0001  
               ?___lwmod 0001        __size_of_setupQEI 0018              __smallconst 0300  
       ___lwdiv@quotient 0005                 ?_tx_char 0001                 _PIE1bits 000F9D  
               _PIR1bits 000F9E                _setupUART 0558            ??_setupTimer0 001D  
          ??_setupTimer5 001D                 __Hrparam 0000                 __Lrparam 0000  
           __Lsmallconst 0300               ?_setupUART 0001         __size_of___lwdiv 0074  
       __size_of___lwmod 0064          ___lwdiv@divisor 0003          ___lwdiv@counter 0007  
               __ptext10 03C6         __size_of_tx_char 0016            __size_of_main 0020  
          __size_of_itoa 0044            __size_of_utoa 00C2      __end_of_setupTimer0 0558  
    __end_of_setupTimer5 05B2                 isa$xinst 000000                 _setupQEI 0570  
               int$flags 003B               _INTCONbits 000FF2               _QEICONbits 000FB6  
               itoa@base 0015                 intlevel2 0000         ___lwmod@dividend 0001  
            ??_setupUART 001D                 tx_char@a 0001                 utoa@base 000C  
        ___lwmod@divisor 0003          ___lwmod@counter 0005              _SSPCON1bits 000FC6  
            _setupTimer0 053E              _setupTimer5 059E  
